{"C:\\GitHub\\FeedToki\\toki-app\\lib\\ai-meal-parser.ts": {"path":"C:\\GitHub\\FeedToki\\toki-app\\lib\\ai-meal-parser.ts","statementMap":{"0":{"start":{"line":100,"column":0},"end":{"line":100,"column":7}},"1":{"start":{"line":385,"column":0},"end":{"line":385,"column":7}},"2":{"start":{"line":23,"column":20},"end":{"line":23,"column":38}},"3":{"start":{"line":24,"column":24},"end":{"line":24,"column":46}},"4":{"start":{"line":27,"column":48},"end":{"line":30,"column":4}},"5":{"start":{"line":33,"column":27},"end":{"line":54,"column":4}},"6":{"start":{"line":37,"column":48},"end":{"line":37,"column":70}},"7":{"start":{"line":42,"column":48},"end":{"line":42,"column":63}},"8":{"start":{"line":47,"column":48},"end":{"line":47,"column":70}},"9":{"start":{"line":52,"column":25},"end":{"line":52,"column":35}},"10":{"start":{"line":57,"column":2},"end":{"line":69,"column":3}},"11":{"start":{"line":58,"column":18},"end":{"line":58,"column":37}},"12":{"start":{"line":59,"column":4},"end":{"line":68,"column":5}},"13":{"start":{"line":60,"column":21},"end":{"line":60,"column":41}},"14":{"start":{"line":61,"column":6},"end":{"line":67,"column":7}},"15":{"start":{"line":62,"column":21},"end":{"line":62,"column":39}},"16":{"start":{"line":63,"column":8},"end":{"line":66,"column":10}},"17":{"start":{"line":72,"column":2},"end":{"line":80,"column":3}},"18":{"start":{"line":73,"column":20},"end":{"line":73,"column":126}},"19":{"start":{"line":74,"column":4},"end":{"line":79,"column":5}},"20":{"start":{"line":75,"column":6},"end":{"line":78,"column":8}},"21":{"start":{"line":83,"column":2},"end":{"line":91,"column":3}},"22":{"start":{"line":84,"column":20},"end":{"line":84,"column":105}},"23":{"start":{"line":85,"column":4},"end":{"line":90,"column":5}},"24":{"start":{"line":86,"column":6},"end":{"line":89,"column":8}},"25":{"start":{"line":93,"column":2},"end":{"line":93,"column":12}},"26":{"start":{"line":103,"column":2},"end":{"line":108,"column":3}},"27":{"start":{"line":104,"column":4},"end":{"line":107,"column":6}},"28":{"start":{"line":110,"column":2},"end":{"line":379,"column":3}},"29":{"start":{"line":111,"column":36},"end":{"line":111,"column":38}},"30":{"start":{"line":112,"column":22},"end":{"line":112,"column":47}},"31":{"start":{"line":113,"column":25},"end":{"line":113,"column":36}},"32":{"start":{"line":116,"column":25},"end":{"line":168,"column":6}},"33":{"start":{"line":171,"column":27},"end":{"line":293,"column":6}},"34":{"start":{"line":176,"column":24},"end":{"line":176,"column":63}},"35":{"start":{"line":177,"column":10},"end":{"line":177,"column":139}},"36":{"start":{"line":184,"column":24},"end":{"line":184,"column":52}},"37":{"start":{"line":185,"column":10},"end":{"line":185,"column":139}},"38":{"start":{"line":192,"column":24},"end":{"line":192,"column":54}},"39":{"start":{"line":193,"column":10},"end":{"line":193,"column":139}},"40":{"start":{"line":200,"column":24},"end":{"line":200,"column":54}},"41":{"start":{"line":201,"column":10},"end":{"line":201,"column":139}},"42":{"start":{"line":208,"column":24},"end":{"line":208,"column":51}},"43":{"start":{"line":209,"column":10},"end":{"line":209,"column":139}},"44":{"start":{"line":216,"column":24},"end":{"line":216,"column":51}},"45":{"start":{"line":217,"column":10},"end":{"line":217,"column":139}},"46":{"start":{"line":225,"column":24},"end":{"line":225,"column":54}},"47":{"start":{"line":226,"column":10},"end":{"line":229,"column":11}},"48":{"start":{"line":227,"column":24},"end":{"line":227,"column":42}},"49":{"start":{"line":228,"column":12},"end":{"line":228,"column":97}},"50":{"start":{"line":231,"column":30},"end":{"line":231,"column":102}},"51":{"start":{"line":232,"column":10},"end":{"line":238,"column":11}},"52":{"start":{"line":233,"column":49},"end":{"line":233,"column":152}},"53":{"start":{"line":234,"column":24},"end":{"line":234,"column":58}},"54":{"start":{"line":235,"column":12},"end":{"line":237,"column":13}},"55":{"start":{"line":236,"column":14},"end":{"line":236,"column":72}},"56":{"start":{"line":240,"column":25},"end":{"line":240,"column":59}},"57":{"start":{"line":241,"column":10},"end":{"line":244,"column":11}},"58":{"start":{"line":242,"column":24},"end":{"line":242,"column":43}},"59":{"start":{"line":243,"column":12},"end":{"line":243,"column":97}},"60":{"start":{"line":245,"column":10},"end":{"line":245,"column":20}},"61":{"start":{"line":252,"column":24},"end":{"line":252,"column":54}},"62":{"start":{"line":253,"column":10},"end":{"line":256,"column":11}},"63":{"start":{"line":254,"column":24},"end":{"line":254,"column":42}},"64":{"start":{"line":255,"column":12},"end":{"line":255,"column":97}},"65":{"start":{"line":257,"column":30},"end":{"line":257,"column":102}},"66":{"start":{"line":258,"column":10},"end":{"line":264,"column":11}},"67":{"start":{"line":259,"column":49},"end":{"line":259,"column":152}},"68":{"start":{"line":260,"column":24},"end":{"line":260,"column":58}},"69":{"start":{"line":261,"column":12},"end":{"line":263,"column":13}},"70":{"start":{"line":262,"column":14},"end":{"line":262,"column":72}},"71":{"start":{"line":265,"column":25},"end":{"line":265,"column":59}},"72":{"start":{"line":266,"column":10},"end":{"line":269,"column":11}},"73":{"start":{"line":267,"column":24},"end":{"line":267,"column":43}},"74":{"start":{"line":268,"column":12},"end":{"line":268,"column":97}},"75":{"start":{"line":270,"column":10},"end":{"line":270,"column":20}},"76":{"start":{"line":277,"column":24},"end":{"line":277,"column":54}},"77":{"start":{"line":278,"column":10},"end":{"line":281,"column":11}},"78":{"start":{"line":279,"column":24},"end":{"line":279,"column":42}},"79":{"start":{"line":280,"column":12},"end":{"line":280,"column":97}},"80":{"start":{"line":282,"column":30},"end":{"line":282,"column":102}},"81":{"start":{"line":283,"column":10},"end":{"line":289,"column":11}},"82":{"start":{"line":284,"column":49},"end":{"line":284,"column":152}},"83":{"start":{"line":285,"column":24},"end":{"line":285,"column":58}},"84":{"start":{"line":286,"column":12},"end":{"line":288,"column":13}},"85":{"start":{"line":287,"column":14},"end":{"line":287,"column":72}},"86":{"start":{"line":290,"column":10},"end":{"line":290,"column":20}},"87":{"start":{"line":296,"column":28},"end":{"line":296,"column":33}},"88":{"start":{"line":297,"column":4},"end":{"line":313,"column":5}},"89":{"start":{"line":298,"column":6},"end":{"line":312,"column":7}},"90":{"start":{"line":299,"column":20},"end":{"line":299,"column":82}},"91":{"start":{"line":300,"column":8},"end":{"line":305,"column":11}},"92":{"start":{"line":306,"column":8},"end":{"line":306,"column":33}},"93":{"start":{"line":309,"column":8},"end":{"line":311,"column":9}},"94":{"start":{"line":310,"column":10},"end":{"line":310,"column":27}},"95":{"start":{"line":316,"column":4},"end":{"line":361,"column":5}},"96":{"start":{"line":318,"column":20},"end":{"line":318,"column":104}},"97":{"start":{"line":318,"column":69},"end":{"line":318,"column":77}},"98":{"start":{"line":318,"column":91},"end":{"line":318,"column":103}},"99":{"start":{"line":320,"column":6},"end":{"line":360,"column":7}},"100":{"start":{"line":322,"column":34},"end":{"line":322,"column":39}},"101":{"start":{"line":323,"column":8},"end":{"line":335,"column":9}},"102":{"start":{"line":324,"column":10},"end":{"line":334,"column":11}},"103":{"start":{"line":325,"column":24},"end":{"line":325,"column":78}},"104":{"start":{"line":326,"column":12},"end":{"line":331,"column":15}},"105":{"start":{"line":332,"column":12},"end":{"line":332,"column":39}},"106":{"start":{"line":333,"column":12},"end":{"line":333,"column":18}},"107":{"start":{"line":337,"column":8},"end":{"line":359,"column":9}},"108":{"start":{"line":339,"column":10},"end":{"line":358,"column":11}},"109":{"start":{"line":340,"column":31},"end":{"line":341,"column":null}},"110":{"start":{"line":341,"column":14},"end":{"line":341,"column":59}},"111":{"start":{"line":344,"column":12},"end":{"line":357,"column":13}},"112":{"start":{"line":346,"column":35},"end":{"line":346,"column":83}},"113":{"start":{"line":346,"column":54},"end":{"line":346,"column":82}},"114":{"start":{"line":347,"column":14},"end":{"line":356,"column":15}},"115":{"start":{"line":348,"column":28},"end":{"line":348,"column":65}},"116":{"start":{"line":349,"column":16},"end":{"line":354,"column":19}},"117":{"start":{"line":355,"column":16},"end":{"line":355,"column":22}},"118":{"start":{"line":364,"column":4},"end":{"line":369,"column":5}},"119":{"start":{"line":365,"column":6},"end":{"line":368,"column":9}},"120":{"start":{"line":371,"column":4},"end":{"line":373,"column":6}},"121":{"start":{"line":375,"column":4},"end":{"line":378,"column":6}},"122":{"start":{"line":389,"column":2},"end":{"line":392,"column":3}},"123":{"start":{"line":391,"column":4},"end":{"line":391,"column":45}},"124":{"start":{"line":394,"column":2},"end":{"line":421,"column":3}},"125":{"start":{"line":415,"column":4},"end":{"line":415,"column":45}},"126":{"start":{"line":417,"column":4},"end":{"line":420,"column":6}},"127":{"start":{"line":428,"column":0},"end":{"line":428,"column":9}},"128":{"start":{"line":428,"column":9},"end":{"line":428,"column":42}},"129":{"start":{"line":428,"column":42},"end":{"line":428,"column":97}}},"fnMap":{"0":{"name":"extractQuantity","decl":{"start":{"line":22,"column":9},"end":{"line":22,"column":24}},"loc":{"start":{"line":22,"column":55},"end":{"line":94,"column":1}}},"1":{"name":"(anonymous_1)","decl":{"start":{"line":37,"column":19},"end":{"line":37,"column":20}},"loc":{"start":{"line":37,"column":48},"end":{"line":37,"column":70}}},"2":{"name":"(anonymous_2)","decl":{"start":{"line":42,"column":19},"end":{"line":42,"column":20}},"loc":{"start":{"line":42,"column":48},"end":{"line":42,"column":63}}},"3":{"name":"(anonymous_3)","decl":{"start":{"line":47,"column":19},"end":{"line":47,"column":20}},"loc":{"start":{"line":47,"column":48},"end":{"line":47,"column":70}}},"4":{"name":"(anonymous_4)","decl":{"start":{"line":52,"column":19},"end":{"line":52,"column":22}},"loc":{"start":{"line":52,"column":25},"end":{"line":52,"column":35}}},"5":{"name":"parseMealDescription","decl":{"start":{"line":100,"column":22},"end":{"line":100,"column":42}},"loc":{"start":{"line":101,"column":21},"end":{"line":380,"column":1}}},"6":{"name":"(anonymous_6)","decl":{"start":{"line":175,"column":25},"end":{"line":175,"column":26}},"loc":{"start":{"line":175,"column":42},"end":{"line":178,"column":9}}},"7":{"name":"(anonymous_7)","decl":{"start":{"line":183,"column":25},"end":{"line":183,"column":26}},"loc":{"start":{"line":183,"column":42},"end":{"line":186,"column":9}}},"8":{"name":"(anonymous_8)","decl":{"start":{"line":191,"column":25},"end":{"line":191,"column":26}},"loc":{"start":{"line":191,"column":42},"end":{"line":194,"column":9}}},"9":{"name":"(anonymous_9)","decl":{"start":{"line":199,"column":25},"end":{"line":199,"column":26}},"loc":{"start":{"line":199,"column":42},"end":{"line":202,"column":9}}},"10":{"name":"(anonymous_10)","decl":{"start":{"line":207,"column":25},"end":{"line":207,"column":26}},"loc":{"start":{"line":207,"column":42},"end":{"line":210,"column":9}}},"11":{"name":"(anonymous_11)","decl":{"start":{"line":215,"column":25},"end":{"line":215,"column":26}},"loc":{"start":{"line":215,"column":42},"end":{"line":218,"column":9}}},"12":{"name":"(anonymous_12)","decl":{"start":{"line":223,"column":25},"end":{"line":223,"column":26}},"loc":{"start":{"line":223,"column":42},"end":{"line":246,"column":9}}},"13":{"name":"(anonymous_13)","decl":{"start":{"line":251,"column":25},"end":{"line":251,"column":26}},"loc":{"start":{"line":251,"column":42},"end":{"line":271,"column":9}}},"14":{"name":"(anonymous_14)","decl":{"start":{"line":276,"column":25},"end":{"line":276,"column":26}},"loc":{"start":{"line":276,"column":42},"end":{"line":291,"column":9}}},"15":{"name":"(anonymous_15)","decl":{"start":{"line":318,"column":64},"end":{"line":318,"column":65}},"loc":{"start":{"line":318,"column":69},"end":{"line":318,"column":77}}},"16":{"name":"(anonymous_16)","decl":{"start":{"line":318,"column":86},"end":{"line":318,"column":87}},"loc":{"start":{"line":318,"column":91},"end":{"line":318,"column":103}}},"17":{"name":"(anonymous_17)","decl":{"start":{"line":340,"column":55},"end":{"line":340,"column":57}},"loc":{"start":{"line":341,"column":14},"end":{"line":341,"column":59}}},"18":{"name":"(anonymous_18)","decl":{"start":{"line":346,"column":46},"end":{"line":346,"column":50}},"loc":{"start":{"line":346,"column":54},"end":{"line":346,"column":82}}},"19":{"name":"parseMealDescriptionWithOpenAI","decl":{"start":{"line":385,"column":22},"end":{"line":385,"column":52}},"loc":{"start":{"line":387,"column":17},"end":{"line":422,"column":1}}},"20":{"name":"(anonymous_20)","decl":{"start":{"line":428,"column":9},"end":{"line":428,"column":40}},"loc":{"start":{"line":428,"column":9},"end":{"line":428,"column":42}}},"21":{"name":"(anonymous_21)","decl":{"start":{"line":428,"column":42},"end":{"line":428,"column":65}},"loc":{"start":{"line":428,"column":42},"end":{"line":428,"column":97}}}},"branchMap":{"0":{"loc":{"start":{"line":37,"column":48},"end":{"line":37,"column":70}},"type":"binary-expr","locations":[{"start":{"line":37,"column":48},"end":{"line":37,"column":56}},{"start":{"line":37,"column":60},"end":{"line":37,"column":70}}]},"1":{"loc":{"start":{"line":42,"column":48},"end":{"line":42,"column":63}},"type":"binary-expr","locations":[{"start":{"line":42,"column":48},"end":{"line":42,"column":56}},{"start":{"line":42,"column":60},"end":{"line":42,"column":63}}]},"2":{"loc":{"start":{"line":47,"column":48},"end":{"line":47,"column":70}},"type":"binary-expr","locations":[{"start":{"line":47,"column":48},"end":{"line":47,"column":56}},{"start":{"line":47,"column":60},"end":{"line":47,"column":70}}]},"3":{"loc":{"start":{"line":59,"column":4},"end":{"line":68,"column":5}},"type":"if","locations":[{"start":{"line":59,"column":4},"end":{"line":68,"column":5}},{"start":{},"end":{}}]},"4":{"loc":{"start":{"line":61,"column":6},"end":{"line":67,"column":7}},"type":"if","locations":[{"start":{"line":61,"column":6},"end":{"line":67,"column":7}},{"start":{},"end":{}}]},"5":{"loc":{"start":{"line":61,"column":10},"end":{"line":61,"column":30}},"type":"binary-expr","locations":[{"start":{"line":61,"column":10},"end":{"line":61,"column":16}},{"start":{"line":61,"column":20},"end":{"line":61,"column":30}}]},"6":{"loc":{"start":{"line":64,"column":20},"end":{"line":64,"column":101}},"type":"cond-expr","locations":[{"start":{"line":64,"column":27},"end":{"line":64,"column":46}},{"start":{"line":64,"column":49},"end":{"line":64,"column":101}}]},"7":{"loc":{"start":{"line":64,"column":62},"end":{"line":64,"column":99}},"type":"cond-expr","locations":[{"start":{"line":64,"column":77},"end":{"line":64,"column":86}},{"start":{"line":64,"column":89},"end":{"line":64,"column":99}}]},"8":{"loc":{"start":{"line":74,"column":4},"end":{"line":79,"column":5}},"type":"if","locations":[{"start":{"line":74,"column":4},"end":{"line":79,"column":5}},{"start":{},"end":{}}]},"9":{"loc":{"start":{"line":76,"column":28},"end":{"line":76,"column":62}},"type":"cond-expr","locations":[{"start":{"line":76,"column":40},"end":{"line":76,"column":49}},{"start":{"line":76,"column":52},"end":{"line":76,"column":62}}]},"10":{"loc":{"start":{"line":85,"column":4},"end":{"line":90,"column":5}},"type":"if","locations":[{"start":{"line":85,"column":4},"end":{"line":90,"column":5}},{"start":{},"end":{}}]},"11":{"loc":{"start":{"line":87,"column":28},"end":{"line":87,"column":62}},"type":"cond-expr","locations":[{"start":{"line":87,"column":40},"end":{"line":87,"column":49}},{"start":{"line":87,"column":52},"end":{"line":87,"column":62}}]},"12":{"loc":{"start":{"line":103,"column":2},"end":{"line":108,"column":3}},"type":"if","locations":[{"start":{"line":103,"column":2},"end":{"line":108,"column":3}},{"start":{},"end":{}}]},"13":{"loc":{"start":{"line":103,"column":6},"end":{"line":103,"column":53}},"type":"binary-expr","locations":[{"start":{"line":103,"column":6},"end":{"line":103,"column":18}},{"start":{"line":103,"column":22},"end":{"line":103,"column":53}}]},"14":{"loc":{"start":{"line":177,"column":17},"end":{"line":177,"column":138}},"type":"cond-expr","locations":[{"start":{"line":177,"column":25},"end":{"line":177,"column":133}},{"start":{"line":177,"column":136},"end":{"line":177,"column":138}}]},"15":{"loc":{"start":{"line":177,"column":52},"end":{"line":177,"column":93}},"type":"cond-expr","locations":[{"start":{"line":177,"column":71},"end":{"line":177,"column":81}},{"start":{"line":177,"column":84},"end":{"line":177,"column":93}}]},"16":{"loc":{"start":{"line":185,"column":17},"end":{"line":185,"column":138}},"type":"cond-expr","locations":[{"start":{"line":185,"column":25},"end":{"line":185,"column":133}},{"start":{"line":185,"column":136},"end":{"line":185,"column":138}}]},"17":{"loc":{"start":{"line":185,"column":52},"end":{"line":185,"column":93}},"type":"cond-expr","locations":[{"start":{"line":185,"column":71},"end":{"line":185,"column":81}},{"start":{"line":185,"column":84},"end":{"line":185,"column":93}}]},"18":{"loc":{"start":{"line":193,"column":17},"end":{"line":193,"column":138}},"type":"cond-expr","locations":[{"start":{"line":193,"column":25},"end":{"line":193,"column":133}},{"start":{"line":193,"column":136},"end":{"line":193,"column":138}}]},"19":{"loc":{"start":{"line":193,"column":52},"end":{"line":193,"column":93}},"type":"cond-expr","locations":[{"start":{"line":193,"column":71},"end":{"line":193,"column":81}},{"start":{"line":193,"column":84},"end":{"line":193,"column":93}}]},"20":{"loc":{"start":{"line":201,"column":17},"end":{"line":201,"column":138}},"type":"cond-expr","locations":[{"start":{"line":201,"column":25},"end":{"line":201,"column":133}},{"start":{"line":201,"column":136},"end":{"line":201,"column":138}}]},"21":{"loc":{"start":{"line":201,"column":52},"end":{"line":201,"column":93}},"type":"cond-expr","locations":[{"start":{"line":201,"column":71},"end":{"line":201,"column":81}},{"start":{"line":201,"column":84},"end":{"line":201,"column":93}}]},"22":{"loc":{"start":{"line":209,"column":17},"end":{"line":209,"column":138}},"type":"cond-expr","locations":[{"start":{"line":209,"column":25},"end":{"line":209,"column":133}},{"start":{"line":209,"column":136},"end":{"line":209,"column":138}}]},"23":{"loc":{"start":{"line":209,"column":52},"end":{"line":209,"column":93}},"type":"cond-expr","locations":[{"start":{"line":209,"column":71},"end":{"line":209,"column":81}},{"start":{"line":209,"column":84},"end":{"line":209,"column":93}}]},"24":{"loc":{"start":{"line":217,"column":17},"end":{"line":217,"column":138}},"type":"cond-expr","locations":[{"start":{"line":217,"column":25},"end":{"line":217,"column":133}},{"start":{"line":217,"column":136},"end":{"line":217,"column":138}}]},"25":{"loc":{"start":{"line":217,"column":52},"end":{"line":217,"column":93}},"type":"cond-expr","locations":[{"start":{"line":217,"column":71},"end":{"line":217,"column":81}},{"start":{"line":217,"column":84},"end":{"line":217,"column":93}}]},"26":{"loc":{"start":{"line":226,"column":10},"end":{"line":229,"column":11}},"type":"if","locations":[{"start":{"line":226,"column":10},"end":{"line":229,"column":11}},{"start":{},"end":{}}]},"27":{"loc":{"start":{"line":228,"column":41},"end":{"line":228,"column":71}},"type":"cond-expr","locations":[{"start":{"line":228,"column":53},"end":{"line":228,"column":61}},{"start":{"line":228,"column":64},"end":{"line":228,"column":71}}]},"28":{"loc":{"start":{"line":232,"column":10},"end":{"line":238,"column":11}},"type":"if","locations":[{"start":{"line":232,"column":10},"end":{"line":238,"column":11}},{"start":{},"end":{}}]},"29":{"loc":{"start":{"line":235,"column":12},"end":{"line":237,"column":13}},"type":"if","locations":[{"start":{"line":235,"column":12},"end":{"line":237,"column":13}},{"start":{},"end":{}}]},"30":{"loc":{"start":{"line":241,"column":10},"end":{"line":244,"column":11}},"type":"if","locations":[{"start":{"line":241,"column":10},"end":{"line":244,"column":11}},{"start":{},"end":{}}]},"31":{"loc":{"start":{"line":243,"column":41},"end":{"line":243,"column":71}},"type":"cond-expr","locations":[{"start":{"line":243,"column":53},"end":{"line":243,"column":61}},{"start":{"line":243,"column":64},"end":{"line":243,"column":71}}]},"32":{"loc":{"start":{"line":253,"column":10},"end":{"line":256,"column":11}},"type":"if","locations":[{"start":{"line":253,"column":10},"end":{"line":256,"column":11}},{"start":{},"end":{}}]},"33":{"loc":{"start":{"line":255,"column":41},"end":{"line":255,"column":71}},"type":"cond-expr","locations":[{"start":{"line":255,"column":53},"end":{"line":255,"column":61}},{"start":{"line":255,"column":64},"end":{"line":255,"column":71}}]},"34":{"loc":{"start":{"line":258,"column":10},"end":{"line":264,"column":11}},"type":"if","locations":[{"start":{"line":258,"column":10},"end":{"line":264,"column":11}},{"start":{},"end":{}}]},"35":{"loc":{"start":{"line":261,"column":12},"end":{"line":263,"column":13}},"type":"if","locations":[{"start":{"line":261,"column":12},"end":{"line":263,"column":13}},{"start":{},"end":{}}]},"36":{"loc":{"start":{"line":266,"column":10},"end":{"line":269,"column":11}},"type":"if","locations":[{"start":{"line":266,"column":10},"end":{"line":269,"column":11}},{"start":{},"end":{}}]},"37":{"loc":{"start":{"line":268,"column":41},"end":{"line":268,"column":71}},"type":"cond-expr","locations":[{"start":{"line":268,"column":53},"end":{"line":268,"column":61}},{"start":{"line":268,"column":64},"end":{"line":268,"column":71}}]},"38":{"loc":{"start":{"line":278,"column":10},"end":{"line":281,"column":11}},"type":"if","locations":[{"start":{"line":278,"column":10},"end":{"line":281,"column":11}},{"start":{},"end":{}}]},"39":{"loc":{"start":{"line":280,"column":41},"end":{"line":280,"column":71}},"type":"cond-expr","locations":[{"start":{"line":280,"column":53},"end":{"line":280,"column":61}},{"start":{"line":280,"column":64},"end":{"line":280,"column":71}}]},"40":{"loc":{"start":{"line":283,"column":10},"end":{"line":289,"column":11}},"type":"if","locations":[{"start":{"line":283,"column":10},"end":{"line":289,"column":11}},{"start":{},"end":{}}]},"41":{"loc":{"start":{"line":286,"column":12},"end":{"line":288,"column":13}},"type":"if","locations":[{"start":{"line":286,"column":12},"end":{"line":288,"column":13}},{"start":{},"end":{}}]},"42":{"loc":{"start":{"line":298,"column":6},"end":{"line":312,"column":7}},"type":"if","locations":[{"start":{"line":298,"column":6},"end":{"line":312,"column":7}},{"start":{},"end":{}}]},"43":{"loc":{"start":{"line":299,"column":20},"end":{"line":299,"column":82}},"type":"cond-expr","locations":[{"start":{"line":299,"column":43},"end":{"line":299,"column":77}},{"start":{"line":299,"column":80},"end":{"line":299,"column":82}}]},"44":{"loc":{"start":{"line":309,"column":8},"end":{"line":311,"column":9}},"type":"if","locations":[{"start":{"line":309,"column":8},"end":{"line":311,"column":9}},{"start":{},"end":{}}]},"45":{"loc":{"start":{"line":316,"column":4},"end":{"line":361,"column":5}},"type":"if","locations":[{"start":{"line":316,"column":4},"end":{"line":361,"column":5}},{"start":{},"end":{}}]},"46":{"loc":{"start":{"line":316,"column":8},"end":{"line":316,"column":69}},"type":"binary-expr","locations":[{"start":{"line":316,"column":8},"end":{"line":316,"column":26}},{"start":{"line":316,"column":30},"end":{"line":316,"column":69}}]},"47":{"loc":{"start":{"line":320,"column":25},"end":{"line":320,"column":66}},"type":"cond-expr","locations":[{"start":{"line":320,"column":44},"end":{"line":320,"column":49}},{"start":{"line":320,"column":52},"end":{"line":320,"column":66}}]},"48":{"loc":{"start":{"line":324,"column":10},"end":{"line":334,"column":11}},"type":"if","locations":[{"start":{"line":324,"column":10},"end":{"line":334,"column":11}},{"start":{},"end":{}}]},"49":{"loc":{"start":{"line":325,"column":24},"end":{"line":325,"column":78}},"type":"cond-expr","locations":[{"start":{"line":325,"column":47},"end":{"line":325,"column":73}},{"start":{"line":325,"column":76},"end":{"line":325,"column":78}}]},"50":{"loc":{"start":{"line":337,"column":8},"end":{"line":359,"column":9}},"type":"if","locations":[{"start":{"line":337,"column":8},"end":{"line":359,"column":9}},{"start":{},"end":{}}]},"51":{"loc":{"start":{"line":344,"column":12},"end":{"line":357,"column":13}},"type":"if","locations":[{"start":{"line":344,"column":12},"end":{"line":357,"column":13}},{"start":{},"end":{}}]},"52":{"loc":{"start":{"line":347,"column":14},"end":{"line":356,"column":15}},"type":"if","locations":[{"start":{"line":347,"column":14},"end":{"line":356,"column":15}},{"start":{},"end":{}}]},"53":{"loc":{"start":{"line":364,"column":4},"end":{"line":369,"column":5}},"type":"if","locations":[{"start":{"line":364,"column":4},"end":{"line":369,"column":5}},{"start":{},"end":{}}]},"54":{"loc":{"start":{"line":377,"column":13},"end":{"line":377,"column":54}},"type":"binary-expr","locations":[{"start":{"line":377,"column":13},"end":{"line":377,"column":26}},{"start":{"line":377,"column":30},"end":{"line":377,"column":54}}]},"55":{"loc":{"start":{"line":389,"column":2},"end":{"line":392,"column":3}},"type":"if","locations":[{"start":{"line":389,"column":2},"end":{"line":392,"column":3}},{"start":{},"end":{}}]},"56":{"loc":{"start":{"line":419,"column":13},"end":{"line":419,"column":49}},"type":"binary-expr","locations":[{"start":{"line":419,"column":13},"end":{"line":419,"column":26}},{"start":{"line":419,"column":30},"end":{"line":419,"column":49}}]}},"s":{"0":1,"1":1,"2":37,"3":37,"4":37,"5":37,"6":4,"7":2,"8":1,"9":1,"10":37,"11":131,"12":131,"13":8,"14":8,"15":8,"16":8,"17":29,"18":302,"19":302,"20":2,"21":27,"22":297,"23":297,"24":0,"25":27,"26":35,"27":2,"28":33,"29":33,"30":33,"31":33,"32":33,"33":33,"34":0,"35":0,"36":0,"37":0,"38":0,"39":0,"40":0,"41":0,"42":0,"43":0,"44":0,"45":0,"46":3,"47":3,"48":3,"49":3,"50":0,"51":0,"52":0,"53":0,"54":0,"55":0,"56":0,"57":0,"58":0,"59":0,"60":0,"61":0,"62":0,"63":0,"64":0,"65":0,"66":0,"67":0,"68":0,"69":0,"70":0,"71":0,"72":0,"73":0,"74":0,"75":0,"76":1,"77":1,"78":1,"79":1,"80":0,"81":0,"82":0,"83":0,"84":0,"85":0,"86":0,"87":33,"88":33,"89":295,"90":3,"91":3,"92":3,"93":3,"94":1,"95":32,"96":32,"97":39,"98":39,"99":32,"100":39,"101":39,"102":349,"103":1,"104":1,"105":1,"106":1,"107":39,"108":38,"109":324,"110":750,"111":324,"112":37,"113":11,"114":37,"115":37,"116":37,"117":37,"118":32,"119":1,"120":32,"121":0,"122":0,"123":0,"124":0,"125":0,"126":0,"127":1,"128":1,"129":1},"f":{"0":37,"1":4,"2":2,"3":1,"4":1,"5":35,"6":0,"7":0,"8":0,"9":0,"10":0,"11":0,"12":3,"13":0,"14":1,"15":39,"16":39,"17":750,"18":11,"19":0,"20":0,"21":0},"b":{"0":[4,0],"1":[2,0],"2":[1,0],"3":[8,123],"4":[8,0],"5":[8,8],"6":[8,0],"7":[0,0],"8":[2,300],"9":[1,1],"10":[0,297],"11":[0,0],"12":[2,33],"13":[35,34],"14":[0,0],"15":[0,0],"16":[0,0],"17":[0,0],"18":[0,0],"19":[0,0],"20":[0,0],"21":[0,0],"22":[0,0],"23":[0,0],"24":[0,0],"25":[0,0],"26":[3,0],"27":[3,0],"28":[0,0],"29":[0,0],"30":[0,0],"31":[0,0],"32":[0,0],"33":[0,0],"34":[0,0],"35":[0,0],"36":[0,0],"37":[0,0],"38":[1,0],"39":[1,0],"40":[0,0],"41":[0,0],"42":[3,292],"43":[3,0],"44":[1,2],"45":[32,0],"46":[32,1],"47":[5,27],"48":[1,348],"49":[1,0],"50":[38,1],"51":[37,287],"52":[37,0],"53":[1,31],"54":[0,0],"55":[0,0],"56":[0,0]}}
,"C:\\GitHub\\FeedToki\\toki-app\\lib\\nutrition.ts": {"path":"C:\\GitHub\\FeedToki\\toki-app\\lib\\nutrition.ts","statementMap":{"0":{"start":{"line":25,"column":0},"end":{"line":25,"column":16}},"1":{"start":{"line":59,"column":0},"end":{"line":59,"column":16}},"2":{"start":{"line":1,"column":0},"end":{"line":1,"column":51}},"3":{"start":{"line":2,"column":0},"end":{"line":2,"column":46}},"4":{"start":{"line":18,"column":13},"end":{"line":23,"column":2}},"5":{"start":{"line":26,"column":17},"end":{"line":26,"column":39}},"6":{"start":{"line":27,"column":16},"end":{"line":27,"column":76}},"7":{"start":{"line":27,"column":38},"end":{"line":27,"column":75}},"8":{"start":{"line":30,"column":19},"end":{"line":30,"column":47}},"9":{"start":{"line":32,"column":16},"end":{"line":32,"column":17}},"10":{"start":{"line":33,"column":14},"end":{"line":33,"column":15}},"11":{"start":{"line":34,"column":17},"end":{"line":34,"column":18}},"12":{"start":{"line":35,"column":12},"end":{"line":35,"column":13}},"13":{"start":{"line":37,"column":2},"end":{"line":54,"column":3}},"14":{"start":{"line":38,"column":18},"end":{"line":38,"column":31}},"15":{"start":{"line":39,"column":4},"end":{"line":53,"column":5}},"16":{"start":{"line":40,"column":16},"end":{"line":40,"column":57}},"17":{"start":{"line":40,"column":37},"end":{"line":40,"column":56}},"18":{"start":{"line":41,"column":6},"end":{"line":44,"column":7}},"19":{"start":{"line":42,"column":8},"end":{"line":42,"column":147}},"20":{"start":{"line":43,"column":8},"end":{"line":43,"column":17}},"21":{"start":{"line":47,"column":25},"end":{"line":47,"column":46}},"22":{"start":{"line":49,"column":6},"end":{"line":49,"column":49}},"23":{"start":{"line":50,"column":6},"end":{"line":50,"column":45}},"24":{"start":{"line":51,"column":6},"end":{"line":51,"column":54}},"25":{"start":{"line":52,"column":6},"end":{"line":52,"column":41}},"26":{"start":{"line":56,"column":2},"end":{"line":56,"column":85}},"27":{"start":{"line":60,"column":2},"end":{"line":60,"column":28}},"28":{"start":{"line":60,"column":19},"end":{"line":60,"column":28}},"29":{"start":{"line":61,"column":2},"end":{"line":61,"column":72}}},"fnMap":{"0":{"name":"computeDailyTotals","decl":{"start":{"line":25,"column":16},"end":{"line":25,"column":34}},"loc":{"start":{"line":25,"column":102},"end":{"line":57,"column":1}}},"1":{"name":"(anonymous_1)","decl":{"start":{"line":27,"column":31},"end":{"line":27,"column":32}},"loc":{"start":{"line":27,"column":38},"end":{"line":27,"column":75}}},"2":{"name":"(anonymous_2)","decl":{"start":{"line":40,"column":30},"end":{"line":40,"column":31}},"loc":{"start":{"line":40,"column":37},"end":{"line":40,"column":56}}},"3":{"name":"percentageOfTarget","decl":{"start":{"line":59,"column":16},"end":{"line":59,"column":34}},"loc":{"start":{"line":59,"column":64},"end":{"line":62,"column":1}}}},"branchMap":{"0":{"loc":{"start":{"line":25,"column":74},"end":{"line":25,"column":102}},"type":"default-arg","locations":[{"start":{"line":25,"column":100},"end":{"line":25,"column":102}}]},"1":{"loc":{"start":{"line":38,"column":18},"end":{"line":38,"column":31}},"type":"binary-expr","locations":[{"start":{"line":38,"column":18},"end":{"line":38,"column":25}},{"start":{"line":38,"column":29},"end":{"line":38,"column":31}}]},"2":{"loc":{"start":{"line":41,"column":6},"end":{"line":44,"column":7}},"type":"if","locations":[{"start":{"line":41,"column":6},"end":{"line":44,"column":7}},{"start":{},"end":{}}]},"3":{"loc":{"start":{"line":47,"column":25},"end":{"line":47,"column":46}},"type":"binary-expr","locations":[{"start":{"line":47,"column":25},"end":{"line":47,"column":39}},{"start":{"line":47,"column":43},"end":{"line":47,"column":46}}]},"4":{"loc":{"start":{"line":49,"column":18},"end":{"line":49,"column":34}},"type":"binary-expr","locations":[{"start":{"line":49,"column":18},"end":{"line":49,"column":29}},{"start":{"line":49,"column":33},"end":{"line":49,"column":34}}]},"5":{"loc":{"start":{"line":50,"column":16},"end":{"line":50,"column":30}},"type":"binary-expr","locations":[{"start":{"line":50,"column":16},"end":{"line":50,"column":25}},{"start":{"line":50,"column":29},"end":{"line":50,"column":30}}]},"6":{"loc":{"start":{"line":51,"column":19},"end":{"line":51,"column":39}},"type":"binary-expr","locations":[{"start":{"line":51,"column":19},"end":{"line":51,"column":34}},{"start":{"line":51,"column":38},"end":{"line":51,"column":39}}]},"7":{"loc":{"start":{"line":52,"column":14},"end":{"line":52,"column":26}},"type":"binary-expr","locations":[{"start":{"line":52,"column":14},"end":{"line":52,"column":21}},{"start":{"line":52,"column":25},"end":{"line":52,"column":26}}]},"8":{"loc":{"start":{"line":60,"column":2},"end":{"line":60,"column":28}},"type":"if","locations":[{"start":{"line":60,"column":2},"end":{"line":60,"column":28}},{"start":{},"end":{}}]}},"s":{"0":1,"1":1,"2":1,"3":1,"4":1,"5":11,"6":11,"7":12,"8":11,"9":11,"10":11,"11":11,"12":11,"13":11,"14":11,"15":11,"16":11,"17":1915,"18":11,"19":1,"20":1,"21":10,"22":10,"23":10,"24":10,"25":10,"26":11,"27":13,"28":3,"29":10},"f":{"0":11,"1":12,"2":1915,"3":13},"b":{"0":[3],"1":[11,0],"2":[1,10],"3":[10,1],"4":[10,0],"5":[10,1],"6":[10,0],"7":[10,1],"8":[3,10]}}
}
