TN:
SF:lib\ai-meal-parser.ts
FN:22,extractQuantity
FN:37,(anonymous_1)
FN:42,(anonymous_2)
FN:47,(anonymous_3)
FN:52,(anonymous_4)
FN:100,parseMealDescription
FN:175,(anonymous_6)
FN:183,(anonymous_7)
FN:191,(anonymous_8)
FN:199,(anonymous_9)
FN:207,(anonymous_10)
FN:215,(anonymous_11)
FN:223,(anonymous_12)
FN:251,(anonymous_13)
FN:276,(anonymous_14)
FN:318,(anonymous_15)
FN:318,(anonymous_16)
FN:340,(anonymous_17)
FN:346,(anonymous_18)
FN:385,parseMealDescriptionWithOpenAI
FN:428,(anonymous_20)
FN:428,(anonymous_21)
FNF:22
FNH:12
FNDA:37,extractQuantity
FNDA:4,(anonymous_1)
FNDA:2,(anonymous_2)
FNDA:1,(anonymous_3)
FNDA:1,(anonymous_4)
FNDA:35,parseMealDescription
FNDA:0,(anonymous_6)
FNDA:0,(anonymous_7)
FNDA:0,(anonymous_8)
FNDA:0,(anonymous_9)
FNDA:0,(anonymous_10)
FNDA:0,(anonymous_11)
FNDA:3,(anonymous_12)
FNDA:0,(anonymous_13)
FNDA:1,(anonymous_14)
FNDA:39,(anonymous_15)
FNDA:39,(anonymous_16)
FNDA:750,(anonymous_17)
FNDA:11,(anonymous_18)
FNDA:0,parseMealDescriptionWithOpenAI
FNDA:0,(anonymous_20)
FNDA:0,(anonymous_21)
DA:23,37
DA:24,37
DA:27,37
DA:33,37
DA:37,4
DA:42,2
DA:47,1
DA:52,1
DA:57,37
DA:58,131
DA:59,131
DA:60,8
DA:61,8
DA:62,8
DA:63,8
DA:72,29
DA:73,302
DA:74,302
DA:75,2
DA:83,27
DA:84,297
DA:85,297
DA:86,0
DA:93,27
DA:100,1
DA:103,35
DA:104,2
DA:110,33
DA:111,33
DA:112,33
DA:113,33
DA:116,33
DA:171,33
DA:176,0
DA:177,0
DA:184,0
DA:185,0
DA:192,0
DA:193,0
DA:200,0
DA:201,0
DA:208,0
DA:209,0
DA:216,0
DA:217,0
DA:225,3
DA:226,3
DA:227,3
DA:228,3
DA:231,0
DA:232,0
DA:233,0
DA:234,0
DA:235,0
DA:236,0
DA:240,0
DA:241,0
DA:242,0
DA:243,0
DA:245,0
DA:252,0
DA:253,0
DA:254,0
DA:255,0
DA:257,0
DA:258,0
DA:259,0
DA:260,0
DA:261,0
DA:262,0
DA:265,0
DA:266,0
DA:267,0
DA:268,0
DA:270,0
DA:277,1
DA:278,1
DA:279,1
DA:280,1
DA:282,0
DA:283,0
DA:284,0
DA:285,0
DA:286,0
DA:287,0
DA:290,0
DA:296,33
DA:297,33
DA:298,295
DA:299,3
DA:300,3
DA:306,3
DA:309,3
DA:310,1
DA:316,32
DA:318,39
DA:320,32
DA:322,39
DA:323,39
DA:324,349
DA:325,1
DA:326,1
DA:332,1
DA:333,1
DA:337,39
DA:339,38
DA:340,324
DA:341,750
DA:344,324
DA:346,37
DA:347,37
DA:348,37
DA:349,37
DA:355,37
DA:364,32
DA:365,1
DA:371,32
DA:375,0
DA:385,1
DA:389,0
DA:391,0
DA:394,0
DA:415,0
DA:417,0
DA:428,1
LF:125
LH:73
BRDA:37,0,0,4
BRDA:37,0,1,0
BRDA:42,1,0,2
BRDA:42,1,1,0
BRDA:47,2,0,1
BRDA:47,2,1,0
BRDA:59,3,0,8
BRDA:59,3,1,123
BRDA:61,4,0,8
BRDA:61,4,1,0
BRDA:61,5,0,8
BRDA:61,5,1,8
BRDA:64,6,0,8
BRDA:64,6,1,0
BRDA:64,7,0,0
BRDA:64,7,1,0
BRDA:74,8,0,2
BRDA:74,8,1,300
BRDA:76,9,0,1
BRDA:76,9,1,1
BRDA:85,10,0,0
BRDA:85,10,1,297
BRDA:87,11,0,0
BRDA:87,11,1,0
BRDA:103,12,0,2
BRDA:103,12,1,33
BRDA:103,13,0,35
BRDA:103,13,1,34
BRDA:177,14,0,0
BRDA:177,14,1,0
BRDA:177,15,0,0
BRDA:177,15,1,0
BRDA:185,16,0,0
BRDA:185,16,1,0
BRDA:185,17,0,0
BRDA:185,17,1,0
BRDA:193,18,0,0
BRDA:193,18,1,0
BRDA:193,19,0,0
BRDA:193,19,1,0
BRDA:201,20,0,0
BRDA:201,20,1,0
BRDA:201,21,0,0
BRDA:201,21,1,0
BRDA:209,22,0,0
BRDA:209,22,1,0
BRDA:209,23,0,0
BRDA:209,23,1,0
BRDA:217,24,0,0
BRDA:217,24,1,0
BRDA:217,25,0,0
BRDA:217,25,1,0
BRDA:226,26,0,3
BRDA:226,26,1,0
BRDA:228,27,0,3
BRDA:228,27,1,0
BRDA:232,28,0,0
BRDA:232,28,1,0
BRDA:235,29,0,0
BRDA:235,29,1,0
BRDA:241,30,0,0
BRDA:241,30,1,0
BRDA:243,31,0,0
BRDA:243,31,1,0
BRDA:253,32,0,0
BRDA:253,32,1,0
BRDA:255,33,0,0
BRDA:255,33,1,0
BRDA:258,34,0,0
BRDA:258,34,1,0
BRDA:261,35,0,0
BRDA:261,35,1,0
BRDA:266,36,0,0
BRDA:266,36,1,0
BRDA:268,37,0,0
BRDA:268,37,1,0
BRDA:278,38,0,1
BRDA:278,38,1,0
BRDA:280,39,0,1
BRDA:280,39,1,0
BRDA:283,40,0,0
BRDA:283,40,1,0
BRDA:286,41,0,0
BRDA:286,41,1,0
BRDA:298,42,0,3
BRDA:298,42,1,292
BRDA:299,43,0,3
BRDA:299,43,1,0
BRDA:309,44,0,1
BRDA:309,44,1,2
BRDA:316,45,0,32
BRDA:316,45,1,0
BRDA:316,46,0,32
BRDA:316,46,1,1
BRDA:320,47,0,5
BRDA:320,47,1,27
BRDA:324,48,0,1
BRDA:324,48,1,348
BRDA:325,49,0,1
BRDA:325,49,1,0
BRDA:337,50,0,38
BRDA:337,50,1,1
BRDA:344,51,0,37
BRDA:344,51,1,287
BRDA:347,52,0,37
BRDA:347,52,1,0
BRDA:364,53,0,1
BRDA:364,53,1,31
BRDA:377,54,0,0
BRDA:377,54,1,0
BRDA:389,55,0,0
BRDA:389,55,1,0
BRDA:419,56,0,0
BRDA:419,56,1,0
BRF:114
BRH:42
end_of_record
TN:
SF:lib\nutrition.ts
FN:25,computeDailyTotals
FN:27,(anonymous_1)
FN:40,(anonymous_2)
FN:59,percentageOfTarget
FNF:4
FNH:4
FNDA:11,computeDailyTotals
FNDA:12,(anonymous_1)
FNDA:1915,(anonymous_2)
FNDA:13,percentageOfTarget
DA:1,1
DA:2,1
DA:18,1
DA:25,1
DA:26,11
DA:27,12
DA:30,11
DA:32,11
DA:33,11
DA:34,11
DA:35,11
DA:37,11
DA:38,11
DA:39,11
DA:40,1915
DA:41,11
DA:42,1
DA:43,1
DA:47,10
DA:49,10
DA:50,10
DA:51,10
DA:52,10
DA:56,11
DA:59,1
DA:60,13
DA:61,10
LF:27
LH:27
BRDA:25,0,0,3
BRDA:38,1,0,11
BRDA:38,1,1,0
BRDA:41,2,0,1
BRDA:41,2,1,10
BRDA:47,3,0,10
BRDA:47,3,1,1
BRDA:49,4,0,10
BRDA:49,4,1,0
BRDA:50,5,0,10
BRDA:50,5,1,1
BRDA:51,6,0,10
BRDA:51,6,1,0
BRDA:52,7,0,10
BRDA:52,7,1,1
BRDA:60,8,0,3
BRDA:60,8,1,10
BRF:17
BRH:14
end_of_record
